2025-08-04T21:56:43.895+07:00  INFO 19876 --- [spring-boot] [main] org.ledang.springboot.Application        : Starting Application using Java 21.0.7 with PID 19876 (E:\Code\Spring-boot\spring-boot\target\classes started by Lenovo in E:\Code\Spring-boot\spring-boot)
2025-08-04T21:56:43.898+07:00 DEBUG 19876 --- [spring-boot] [main] org.ledang.springboot.Application        : Running with Spring Boot v3.5.4, Spring v6.2.9
2025-08-04T21:56:43.900+07:00  INFO 19876 --- [spring-boot] [main] org.ledang.springboot.Application        : No active profile set, falling back to 1 default profile: "default"
2025-08-04T21:56:44.950+07:00  INFO 19876 --- [spring-boot] [main] .s.d.r.c.RepositoryConfigurationDelegate : Bootstrapping Spring Data JPA repositories in DEFAULT mode.
2025-08-04T21:56:45.016+07:00  INFO 19876 --- [spring-boot] [main] .s.d.r.c.RepositoryConfigurationDelegate : Finished Spring Data repository scanning in 53 ms. Found 1 JPA repository interface.
2025-08-04T21:56:45.594+07:00  INFO 19876 --- [spring-boot] [main] o.s.b.w.embedded.tomcat.TomcatWebServer  : Tomcat initialized with port 8080 (http)
2025-08-04T21:56:45.612+07:00  INFO 19876 --- [spring-boot] [main] o.apache.catalina.core.StandardService   : Starting service [Tomcat]
2025-08-04T21:56:45.612+07:00  INFO 19876 --- [spring-boot] [main] o.apache.catalina.core.StandardEngine    : Starting Servlet engine: [Apache Tomcat/10.1.43]
2025-08-04T21:56:45.670+07:00  INFO 19876 --- [spring-boot] [main] o.a.c.c.C.[Tomcat].[localhost].[/api]    : Initializing Spring embedded WebApplicationContext
2025-08-04T21:56:45.670+07:00  INFO 19876 --- [spring-boot] [main] w.s.c.ServletWebServerApplicationContext : Root WebApplicationContext: initialization completed in 1695 ms
2025-08-04T21:56:45.863+07:00  INFO 19876 --- [spring-boot] [main] o.hibernate.jpa.internal.util.LogHelper  : HHH000204: Processing PersistenceUnitInfo [name: default]
2025-08-04T21:56:45.949+07:00  INFO 19876 --- [spring-boot] [main] org.hibernate.Version                    : HHH000412: Hibernate ORM core version 6.6.22.Final
2025-08-04T21:56:46.014+07:00  INFO 19876 --- [spring-boot] [main] o.h.c.internal.RegionFactoryInitiator    : HHH000026: Second-level cache disabled
2025-08-04T21:56:46.343+07:00  INFO 19876 --- [spring-boot] [main] o.s.o.j.p.SpringPersistenceUnitInfo      : No LoadTimeWeaver setup: ignoring JPA class transformer
2025-08-04T21:56:46.378+07:00  INFO 19876 --- [spring-boot] [main] com.zaxxer.hikari.HikariDataSource       : HikariPool-1 - Starting...
2025-08-04T21:56:46.824+07:00  INFO 19876 --- [spring-boot] [main] com.zaxxer.hikari.pool.HikariPool        : HikariPool-1 - Added connection com.mysql.cj.jdbc.ConnectionImpl@7434ee13
2025-08-04T21:56:46.825+07:00  INFO 19876 --- [spring-boot] [main] com.zaxxer.hikari.HikariDataSource       : HikariPool-1 - Start completed.
2025-08-04T21:56:46.888+07:00  WARN 19876 --- [spring-boot] [main] org.hibernate.orm.deprecation            : HHH90000025: MySQLDialect does not need to be specified explicitly using 'hibernate.dialect' (remove the property setting and it will be selected by default)
2025-08-04T21:56:46.906+07:00  INFO 19876 --- [spring-boot] [main] org.hibernate.orm.connections.pooling    : HHH10001005: Database info:
	Database JDBC URL [Connecting through datasource 'HikariDataSource (HikariPool-1)']
	Database driver: undefined/unknown
	Database version: 8.0.42
	Autocommit mode: undefined/unknown
	Isolation level: undefined/unknown
	Minimum pool size: undefined/unknown
	Maximum pool size: undefined/unknown
2025-08-04T21:56:48.550+07:00  INFO 19876 --- [spring-boot] [main] o.h.e.t.j.p.i.JtaPlatformInitiator       : HHH000489: No JTA platform available (set 'hibernate.transaction.jta.platform' to enable JTA platform integration)
2025-08-04T21:56:48.647+07:00  INFO 19876 --- [spring-boot] [main] j.LocalContainerEntityManagerFactoryBean : Initialized JPA EntityManagerFactory for persistence unit 'default'
2025-08-04T21:56:48.987+07:00  WARN 19876 --- [spring-boot] [main] JpaBaseConfiguration$JpaWebConfiguration : spring.jpa.open-in-view is enabled by default. Therefore, database queries may be performed during view rendering. Explicitly configure spring.jpa.open-in-view to disable this warning
2025-08-04T21:56:49.182+07:00  INFO 19876 --- [spring-boot] [main] eAuthenticationProviderManagerConfigurer : Global AuthenticationManager configured with AuthenticationProvider bean with name authenticationProvider
2025-08-04T21:56:49.182+07:00  WARN 19876 --- [spring-boot] [main] r$InitializeUserDetailsManagerConfigurer : Global AuthenticationManager configured with an AuthenticationProvider bean. UserDetailsService beans will not be used by Spring Security for automatically configuring username/password login. Consider removing the AuthenticationProvider bean. Alternatively, consider using the UserDetailsService in a manually instantiated DaoAuthenticationProvider. If the current configuration is intentional, to turn off this warning, increase the logging level of 'org.springframework.security.config.annotation.authentication.configuration.InitializeUserDetailsBeanManagerConfigurer' to ERROR
2025-08-04T21:56:49.517+07:00  INFO 19876 --- [spring-boot] [main] o.s.b.w.embedded.tomcat.TomcatWebServer  : Tomcat started on port 8080 (http) with context path '/api'
2025-08-04T21:56:49.527+07:00  INFO 19876 --- [spring-boot] [main] org.ledang.springboot.Application        : Started Application in 6.313 seconds (process running for 7.173)
2025-08-04T21:58:23.952+07:00  INFO 19876 --- [spring-boot] [http-nio-8080-exec-2] o.a.c.c.C.[Tomcat].[localhost].[/api]    : Initializing Spring DispatcherServlet 'dispatcherServlet'
2025-08-04T21:58:23.953+07:00  INFO 19876 --- [spring-boot] [http-nio-8080-exec-2] o.s.web.servlet.DispatcherServlet        : Initializing Servlet 'dispatcherServlet'
2025-08-04T21:58:23.954+07:00  INFO 19876 --- [spring-boot] [http-nio-8080-exec-2] o.s.web.servlet.DispatcherServlet        : Completed initialization in 1 ms
2025-08-04T21:59:08.417+07:00  WARN 19876 --- [spring-boot] [http-nio-8080-exec-8] .w.s.m.s.DefaultHandlerExceptionResolver : Resolved [org.springframework.web.HttpMediaTypeNotSupportedException: Content-Type 'application/x-www-form-urlencoded;charset=UTF-8' is not supported]
2025-08-04T21:59:39.167+07:00  INFO 19876 --- [spring-boot] [http-nio-8080-exec-10] o.l.s.service.impl.UserServiceImpl       : Thêm người dùng mới vào DB
